0 info it worked if it ends with ok
1 verbose cli [ '/usr/local/bin/node', '/usr/local/bin/npm', 'i' ]
2 info using npm@2.15.11
3 info using node@v0.12.18
4 verbose readDependencies loading dependencies from /Users/itomblack/Repos/IDC/package.json
5 warn package.json barebones-gulp-project@0.0.1 No license field.
6 verbose install where, deps [ '/Users/itomblack/Repos/IDC',
6 verbose install   [ 'connect',
6 verbose install     'connect-livereload',
6 verbose install     'gulp',
6 verbose install     'gulp-autoprefixer',
6 verbose install     'gulp-clean',
6 verbose install     'gulp-connect-php',
6 verbose install     'gulp-jshint',
6 verbose install     'gulp-livereload',
6 verbose install     'gulp-rimraf',
6 verbose install     'gulp-sass',
6 verbose install     'gulp-sequence',
6 verbose install     'jshint-stylish',
6 verbose install     'gulp-file-include',
6 verbose install     'rimraf' ] ]
7 verbose install where, peers [ '/Users/itomblack/Repos/IDC', [] ]
8 verbose installManyTop reading for lifecycle /Users/itomblack/Repos/IDC/package.json
9 info preinstall barebones-gulp-project@0.0.1
10 verbose installManyTop reading scoped package data from /Users/itomblack/Repos/IDC/node_modules/connect/package.json
11 verbose installManyTop reading scoped package data from /Users/itomblack/Repos/IDC/node_modules/connect-livereload/package.json
12 verbose installManyTop reading scoped package data from /Users/itomblack/Repos/IDC/node_modules/gulp/package.json
13 verbose installManyTop reading scoped package data from /Users/itomblack/Repos/IDC/node_modules/gulp-autoprefixer/package.json
14 verbose installManyTop reading scoped package data from /Users/itomblack/Repos/IDC/node_modules/gulp-clean/package.json
15 verbose installManyTop reading scoped package data from /Users/itomblack/Repos/IDC/node_modules/gulp-connect-php/package.json
16 verbose installManyTop reading scoped package data from /Users/itomblack/Repos/IDC/node_modules/gulp-file-include/package.json
17 verbose installManyTop reading scoped package data from /Users/itomblack/Repos/IDC/node_modules/gulp-jshint/package.json
18 verbose installManyTop reading scoped package data from /Users/itomblack/Repos/IDC/node_modules/gulp-livereload/package.json
19 verbose installManyTop reading scoped package data from /Users/itomblack/Repos/IDC/node_modules/gulp-rimraf/package.json
20 verbose installManyTop reading scoped package data from /Users/itomblack/Repos/IDC/node_modules/gulp-sass/package.json
21 verbose installManyTop reading scoped package data from /Users/itomblack/Repos/IDC/node_modules/gulp-sequence/package.json
22 verbose installManyTop reading scoped package data from /Users/itomblack/Repos/IDC/node_modules/jshint-stylish/package.json
23 verbose installManyTop reading scoped package data from /Users/itomblack/Repos/IDC/node_modules/rimraf/package.json
24 info package.json connect-livereload@0.4.1 No license field.
25 info package.json gulp-jshint@1.3.4 No license field.
26 info package.json gulp-sequence@0.4.6 No license field.
27 verbose readDependencies loading dependencies from /Users/itomblack/Repos/IDC/package.json
28 verbose targetResolver reading package data from /Users/itomblack/Repos/IDC/node_modules/connect/package.json
29 verbose targetResolver reading package data from /Users/itomblack/Repos/IDC/node_modules/connect-livereload/package.json
30 verbose targetResolver reading package data from /Users/itomblack/Repos/IDC/node_modules/gulp/package.json
31 verbose targetResolver reading package data from /Users/itomblack/Repos/IDC/node_modules/gulp-autoprefixer/package.json
32 verbose targetResolver reading package data from /Users/itomblack/Repos/IDC/node_modules/gulp-clean/package.json
33 verbose targetResolver reading package data from /Users/itomblack/Repos/IDC/node_modules/gulp-connect-php/package.json
34 verbose targetResolver reading package data from /Users/itomblack/Repos/IDC/node_modules/gulp-file-include/package.json
35 verbose targetResolver reading package data from /Users/itomblack/Repos/IDC/node_modules/gulp-jshint/package.json
36 verbose targetResolver reading package data from /Users/itomblack/Repos/IDC/node_modules/gulp-livereload/package.json
37 verbose targetResolver reading package data from /Users/itomblack/Repos/IDC/node_modules/gulp-rimraf/package.json
38 verbose targetResolver reading package data from /Users/itomblack/Repos/IDC/node_modules/gulp-sass/package.json
39 verbose targetResolver reading package data from /Users/itomblack/Repos/IDC/node_modules/gulp-sequence/package.json
40 verbose targetResolver reading package data from /Users/itomblack/Repos/IDC/node_modules/jshint-stylish/package.json
41 verbose targetResolver reading package data from /Users/itomblack/Repos/IDC/node_modules/rimraf/package.json
42 verbose targetResolver reading package data from /Users/itomblack/Repos/IDC/node_modules/.bin/gulp/package.json
43 verbose targetResolver reading package data from /Users/itomblack/Repos/IDC/node_modules/.bin/rimraf/package.json
44 verbose already installed skipping gulp-jshint@~1.3.4 /Users/itomblack/Repos/IDC
45 verbose already installed skipping gulp-livereload@~1.5.0 /Users/itomblack/Repos/IDC
46 verbose already installed skipping gulp-rimraf@^0.2.0 /Users/itomblack/Repos/IDC
47 verbose already installed skipping gulp-sass@^0.7.2 /Users/itomblack/Repos/IDC
48 verbose already installed skipping gulp-sequence@^0.4.4 /Users/itomblack/Repos/IDC
49 silly cache add args [ 'jshint-stylish@http://github.com/markdurrant/jshint-stylish/tarball/master',
49 silly cache add   null ]
50 verbose cache add spec jshint-stylish@http://github.com/markdurrant/jshint-stylish/tarball/master
51 verbose already installed skipping gulp-file-include@^0.13.7 /Users/itomblack/Repos/IDC
52 verbose already installed skipping rimraf@^2.5.0 /Users/itomblack/Repos/IDC
53 verbose already installed skipping connect@~2.17.1 /Users/itomblack/Repos/IDC
54 verbose already installed skipping connect-livereload@~0.4.0 /Users/itomblack/Repos/IDC
55 verbose already installed skipping gulp@^3.7.0 /Users/itomblack/Repos/IDC
56 silly cache add parsed spec { raw: 'jshint-stylish@http://github.com/markdurrant/jshint-stylish/tarball/master',
56 silly cache add   scope: null,
56 silly cache add   name: 'jshint-stylish',
56 silly cache add   rawSpec: 'http://github.com/markdurrant/jshint-stylish/tarball/master',
56 silly cache add   spec: 'http://github.com/markdurrant/jshint-stylish/tarball/master',
56 silly cache add   type: 'remote' }
57 silly mapToRegistry name jshint-stylish@http://github.com/markdurrant/jshint-stylish/tarball/master
58 silly mapToRegistry using default registry
59 silly mapToRegistry registry https://registry.npmjs.org/
60 silly mapToRegistry data { raw: 'jshint-stylish@http://github.com/markdurrant/jshint-stylish/tarball/master',
60 silly mapToRegistry   scope: null,
60 silly mapToRegistry   name: 'jshint-stylish',
60 silly mapToRegistry   rawSpec: 'http://github.com/markdurrant/jshint-stylish/tarball/master',
60 silly mapToRegistry   spec: 'http://github.com/markdurrant/jshint-stylish/tarball/master',
60 silly mapToRegistry   type: 'remote' }
61 silly mapToRegistry uri http://github.com/markdurrant/jshint-stylish/tarball/master
62 verbose addRemoteTarball http://github.com/markdurrant/jshint-stylish/tarball/master not in flight; adding
63 verbose addRemoteTarball [ 'http://github.com/markdurrant/jshint-stylish/tarball/master',
63 verbose addRemoteTarball   null ]
64 verbose already installed skipping gulp-autoprefixer@0.0.7 /Users/itomblack/Repos/IDC
65 verbose already installed skipping gulp-clean@^0.3.1 /Users/itomblack/Repos/IDC
66 info retry fetch attempt 1 at 9:56:22 AM
67 info attempt registry request try #1 at 9:56:22 AM
68 http fetch GET http://github.com/markdurrant/jshint-stylish/tarball/master
69 verbose request id 4b4934f8b4a586c7
70 verbose already installed skipping gulp-connect-php@0.0.7 /Users/itomblack/Repos/IDC
71 http fetch 200 http://github.com/markdurrant/jshint-stylish/tarball/master
72 silly fetchAndShaCheck shasum 44587ad4edcd67e0b77c3556299c3841ca26d181
73 verbose addTmpTarball /var/folders/_c/9ddqjpsn4955f_4bsptp5z980000gq/T/npm-12253-6f9eb1e7/github.com/markdurrant/jshint-stylish/tarball/master not in flight; adding
74 verbose correctMkdir /Users/itomblack/.npm correctMkdir not in flight; initializing
75 verbose addTmpTarball validating metadata from /var/folders/_c/9ddqjpsn4955f_4bsptp5z980000gq/T/npm-12253-6f9eb1e7/github.com/markdurrant/jshint-stylish/tarball/master
76 verbose tar unpack /var/folders/_c/9ddqjpsn4955f_4bsptp5z980000gq/T/npm-12253-6f9eb1e7/github.com/markdurrant/jshint-stylish/tarball/master
77 verbose tar unpacking to /var/folders/_c/9ddqjpsn4955f_4bsptp5z980000gq/T/npm-12253-6f9eb1e7/unpack-1c130b6d1581
78 silly gentlyRm /var/folders/_c/9ddqjpsn4955f_4bsptp5z980000gq/T/npm-12253-6f9eb1e7/unpack-1c130b6d1581 is being purged
79 verbose gentlyRm don't care about contents; nuking /var/folders/_c/9ddqjpsn4955f_4bsptp5z980000gq/T/npm-12253-6f9eb1e7/unpack-1c130b6d1581
80 silly gunzTarPerm modes [ '755', '644' ]
81 silly gunzTarPerm extractEntry
82 silly gunzTarPerm modified mode [ '', 509, 493 ]
83 silly gunzTarPerm extractEntry .editorconfig
84 silly gunzTarPerm modified mode [ '.editorconfig', 436, 420 ]
85 silly gunzTarPerm extractEntry .gitattributes
86 silly gunzTarPerm modified mode [ '.gitattributes', 436, 420 ]
87 silly gunzTarPerm extractEntry .gitignore
88 silly gunzTarPerm modified mode [ '.gitignore', 436, 420 ]
89 silly gunzTarPerm extractEntry .jshintrc
90 silly gunzTarPerm modified mode [ '.jshintrc', 436, 420 ]
91 silly gunzTarPerm extractEntry .travis.yml
92 silly gunzTarPerm modified mode [ '.travis.yml', 436, 420 ]
93 silly gunzTarPerm extractEntry index.js
94 silly gunzTarPerm modified mode [ 'index.js', 436, 420 ]
95 silly gunzTarPerm extractEntry package.json
96 silly gunzTarPerm modified mode [ 'package.json', 436, 420 ]
97 silly gunzTarPerm extractEntry readme.md
98 silly gunzTarPerm modified mode [ 'readme.md', 436, 420 ]
99 silly gunzTarPerm extractEntry screenshot-default-formatter.png
100 silly gunzTarPerm modified mode [ 'screenshot-default-formatter.png', 436, 420 ]
101 silly gunzTarPerm extractEntry screenshot.png
102 silly gunzTarPerm modified mode [ 'screenshot.png', 436, 420 ]
103 silly gunzTarPerm extractEntry stylish.js
104 silly gunzTarPerm modified mode [ 'stylish.js', 436, 420 ]
105 silly gunzTarPerm extractEntry test.js
106 silly gunzTarPerm modified mode [ 'test.js', 436, 420 ]
107 verbose correctMkdir /Users/itomblack/.npm correctMkdir not in flight; initializing
108 silly cache afterAdd jshint-stylish@0.1.5
109 verbose afterAdd /Users/itomblack/.npm/jshint-stylish/0.1.5/package/package.json not in flight; writing
110 verbose correctMkdir /Users/itomblack/.npm correctMkdir not in flight; initializing
111 verbose afterAdd /Users/itomblack/.npm/jshint-stylish/0.1.5/package/package.json written
112 info already installed jshint-stylish@0.1.5
113 silly install resolved []
114 info build /Users/itomblack/Repos/IDC
115 info linkStuff barebones-gulp-project@0.0.1
116 silly linkStuff barebones-gulp-project@0.0.1 has /Users/itomblack/Repos as its parent node_modules
117 verbose linkBins barebones-gulp-project@0.0.1
118 verbose linkMans barebones-gulp-project@0.0.1
119 verbose rebuildBundles barebones-gulp-project@0.0.1
120 verbose rebuildBundles [ '.bin',
120 verbose rebuildBundles   'connect',
120 verbose rebuildBundles   'connect-livereload',
120 verbose rebuildBundles   'gulp',
120 verbose rebuildBundles   'gulp-autoprefixer',
120 verbose rebuildBundles   'gulp-clean',
120 verbose rebuildBundles   'gulp-connect-php',
120 verbose rebuildBundles   'gulp-file-include',
120 verbose rebuildBundles   'gulp-jshint',
120 verbose rebuildBundles   'gulp-livereload',
120 verbose rebuildBundles   'gulp-rimraf',
120 verbose rebuildBundles   'gulp-sass',
120 verbose rebuildBundles   'gulp-sequence',
120 verbose rebuildBundles   'jshint-stylish',
120 verbose rebuildBundles   'rimraf' ]
121 info install barebones-gulp-project@0.0.1
122 verbose unsafe-perm in lifecycle true
123 info barebones-gulp-project@0.0.1 Failed to exec install script
124 verbose stack Error: barebones-gulp-project@0.0.1 install: `gulp sass`
124 verbose stack Exit status 1
124 verbose stack     at EventEmitter.<anonymous> (/usr/local/lib/node_modules/npm/lib/utils/lifecycle.js:217:16)
124 verbose stack     at EventEmitter.emit (events.js:110:17)
124 verbose stack     at ChildProcess.<anonymous> (/usr/local/lib/node_modules/npm/lib/utils/spawn.js:24:14)
124 verbose stack     at ChildProcess.emit (events.js:110:17)
124 verbose stack     at maybeClose (child_process.js:1019:16)
124 verbose stack     at Process.ChildProcess._handle.onexit (child_process.js:1091:5)
125 verbose pkgid barebones-gulp-project@0.0.1
126 verbose cwd /Users/itomblack/Repos/IDC
127 error Darwin 15.6.0
128 error argv "/usr/local/bin/node" "/usr/local/bin/npm" "i"
129 error node v0.12.18
130 error npm  v2.15.11
131 error code ELIFECYCLE
132 error barebones-gulp-project@0.0.1 install: `gulp sass`
132 error Exit status 1
133 error Failed at the barebones-gulp-project@0.0.1 install script 'gulp sass'.
133 error This is most likely a problem with the barebones-gulp-project package,
133 error not with npm itself.
133 error Tell the author that this fails on your system:
133 error     gulp sass
133 error You can get information on how to open an issue for this project with:
133 error     npm bugs barebones-gulp-project
133 error Or if that isn't available, you can get their info via:
133 error
133 error     npm owner ls barebones-gulp-project
133 error There is likely additional logging output above.
134 verbose exit [ 1, true ]
